1.eltex-v16@eltex-2026-summer-00-04$touch ${USER}_part3.log
2.
eltex-v16@eltex-2026-summer-00-04$mkdir -p D1/D2/D3
eltex-v16@eltex-2026-summer-00-04$ls
2026-1   2026-12  2026-4  2026-7  D1                   eltex-v16_part3_gt20M.log      practice2_eltex-v16_part2.log  test.txt
2026-10  2026-2   2026-5  2026-8  dsa                  eltex-v16_part3.log            practice2_eltex-v16_part3.log
2026-11  2026-3   2026-6  2026-9  eltex-v16_part2.log  practice2_eltex-v16_part1.log  report_part.txt

3.
eltex-v16@eltex-2026-summer-00-04$touch D1/D2/file.txt
eltex-v16@eltex-2026-summer-00-04$ls D1/D2/
D3  file.txt

4. echo "Произвольный текст" >> D1/D2/file.txt

5.
eltex-v16@eltex-2026-summer-00-04$ln -s D1/D2/file.txt D1/D2/D3/symlink
eltex-v16@eltex-2026-summer-00-04$ln D1/D2/file.txt D1/D2/D3/hardlink

6. 
eltex-v16@eltex-2026-summer-00-04$ls -li D1/D2/D3
total 4
131286 -rw-r--r-- 2 eltex-v16 eltex-v16 36 июл 16 00:45 hardlink
131287 lrwxrwxrwx 1 eltex-v16 eltex-v16 14 июл 16 00:46 symlink -> D1/D2/file.txt
7. 
eltex-v16@eltex-2026-summer-00-04$mv D1/D2/file.txt D1/
eltex-v16@eltex-2026-summer-00-04$ls D1/
D2  file.txt

8. 
eltex-v16@eltex-2026-summer-00-04$cat D1/D2/D3/symlink 
cat: D1/D2/D3/symlink: No such file or directory
eltex-v16@eltex-2026-summer-00-04$cat D1/D2/D3/hardlink 
Произвольный текст

9. 
eltex-v16@eltex-2026-summer-00-04$rm -rf D1/D2/
eltex-v16@eltex-2026-summer-00-04$ls D1/
file.txt

10. 
eltex-v16@eltex-2026-summer-00-04$find / -type f -size +20M -exec du -h {} + 2>/dev/null >> "${USER}_part3_gt20M.log"
eltex-v16@eltex-2026-summer-00-04$cat eltex-v16_part3_gt20M.log
31M     /usr/bin/x86_64-linux-gnu-lto-dump-12
31M     /usr/lib/gcc/x86_64-linux-gnu/12/lto1
32M     /usr/lib/gcc/x86_64-linux-gnu/12/cc1
30M     /usr/lib/x86_64-linux-gnu/libicudata.so.72.1
0       /proc/kcore
33M     /boot/initrd.img-6.1.0-44-amd64
33M     /boot/initrd.img-6.1.0-50-amd64
163M    /var/log/btmp.1
44M     /var/log/journal/8247b53b6ae84ae0ad9bb1c96113fd29/system@4f44ef78d53d4cd0a5555898b8d0015b-00000000000db8c9-000653f1df947936.journal
44M     /var/log/journal/8247b53b6ae84ae0ad9bb1c96113fd29/system@4f44ef78d53d4cd0a5555898b8d0015b-000000000012bd18-0006541efb4e910b.journal
43M     /var/log/journal/8247b53b6ae84ae0ad9bb1c96113fd29/system@4f44ef78d53d4cd0a5555898b8d0015b-000000000013b06c-000654303a1201f5.journal
44M     /var/log/journal/8247b53b6ae84ae0ad9bb1c96113fd29/system@4f44ef78d53d4cd0a5555898b8d0015b-00000000000bb4ae-000653e0e464fbba.journal
44M     /var/log/journal/8247b53b6ae84ae0ad9bb1c96113fd29/system@4f44ef78d53d4cd0a5555898b8d0015b-000000000011beb5-000654152c40ea73.journal
33M     /var/log/journal/8247b53b6ae84ae0ad9bb1c96113fd29/system@000654e914b0fb5f-f20d94ab522960d7.journal~
43M     /var/log/journal/8247b53b6ae84ae0ad9bb1c96113fd29/system@4f44ef78d53d4cd0a5555898b8d0015b-000000000014a0db-000654440c96a329.journal
44M     /var/log/journal/8247b53b6ae84ae0ad9bb1c96113fd29/system@4f44ef78d53d4cd0a5555898b8d0015b-000000000008bb32-000653c297309edc.journal
44M     /var/log/journal/8247b53b6ae84ae0ad9bb1c96113fd29/system@4f44ef78d53d4cd0a5555898b8d0015b-000000000006c613-000653aba9b1991f.journal
44M     /var/log/journal/8247b53b6ae84ae0ad9bb1c96113fd29/system@4f44ef78d53d4cd0a5555898b8d0015b-000000000009b91d-000653cc93c81e56.journal
44M     /var/log/journal/8247b53b6ae84ae0ad9bb1c96113fd29/system@4f44ef78d53d4cd0a5555898b8d0015b-00000000000fbec9-0006540279fb0af2.journal
44M     /var/log/journal/8247b53b6ae84ae0ad9bb1c96113fd29/system@4f44ef78d53d4cd0a5555898b8d0015b-000000000005ca87-000653a0a37fd01e.journal
44M     /var/log/journal/8247b53b6ae84ae0ad9bb1c96113fd29/system@4f44ef78d53d4cd0a5555898b8d0015b-00000000000ab4ea-000653d77c5c1149.journal
35M     /var/log/journal/8247b53b6ae84ae0ad9bb1c96113fd29/system@4f44ef78d53d4cd0a5555898b8d0015b-000000000003f65c-00064d7969fad78c.journal
44M     /var/log/journal/8247b53b6ae84ae0ad9bb1c96113fd29/system@4f44ef78d53d4cd0a5555898b8d0015b-000000000007c1cf-000653b69ef32fa6.journal
44M     /var/log/journal/8247b53b6ae84ae0ad9bb1c96113fd29/system@4f44ef78d53d4cd0a5555898b8d0015b-000000000010c0ec-0006540b1cd179ef.journal
43M     /var/log/journal/8247b53b6ae84ae0ad9bb1c96113fd29/system@4f44ef78d53d4cd0a5555898b8d0015b-000000000004d6d0-00065242b87f912a.journal
44M     /var/log/journal/8247b53b6ae84ae0ad9bb1c96113fd29/system@4f44ef78d53d4cd0a5555898b8d0015b-00000000000cb658-000653e97bef6d7f.journal
45M     /var/log/journal/8247b53b6ae84ae0ad9bb1c96113fd29/system@4f44ef78d53d4cd0a5555898b8d0015b-00000000000ebb8b-000653fa31acb7c1.journal
39M     /var/cache/apt/srcpkgcache.bin
39M     /var/cache/apt/pkgcache.bin
48M     /var/lib/apt/lists/deb.debian.org_debian_dists_bookworm_main_binary-amd64_Packages
49M     /var/lib/apt/lists/deb.debian.org_debian_dists_bookworm_main_source_Sources
32M     /var/lib/apt/lists/deb.debian.org_debian_dists_bookworm_main_i18n_Translation-en

11.
eltex-v16@eltex-2026-summer-00-04$find ~ -type f -mtime -1
/home/eltex-v16/.viminfo
/home/eltex-v16/practice2_eltex-v16_part3.log
/home/eltex-v16/eltex-v16_part2.log
/home/eltex-v16/practice2_eltex-v16_part2.log
/home/eltex-v16/D1/file.txt
/home/eltex-v16/.eltex-v16_part3.log.swp
/home/eltex-v16/.bash_history
/home/eltex-v16/eltex-v16_part3.log
/home/eltex-v16/.Xauthority

13.
eltex-v16@eltex-2026-summer-00-04$whereis find
find: /usr/bin/find /usr/share/man/man1/find.1.gz /usr/share/info/find.info-1.gz /usr/share/info/find.info-2.gz /usr/share/info/find.info.gz

14. 
eltex-v16@eltex-2026-summer-00-04$file $(whereis find)
find::                          cannot open `find:' (No such file or directory)
/usr/bin/find:                  ELF 64-bit LSB pie executable, x86-64, version 1 (SYSV), dynamically linked, interpreter /lib64/ld-linux-x86-64.so.2, BuildID[sha1]=5545a6c7162d325fbe5ffabcbfe4e5521b66ce70, for GNU/Linux 3.2.0, stripped
/usr/share/man/man1/find.1.gz:  gzip compressed data, max compression, from Unix, original size modulo 2^32 76521
/usr/share/info/find.info-1.gz: gzip compressed data, max compression, from Unix, original size modulo 2^32 311345
/usr/share/info/find.info-2.gz: gzip compressed data, max compression, from Unix, original size modulo 2^32 11780
/usr/share/info/find.info.gz:   gzip compressed data, max compression, from Unix, original size modulo 2^32 6347

15. eltex-v16@eltex-2026-summer-00-04$file /boot/initrd.img*
/boot/initrd.img-6.1.0-44-amd64: ASCII cpio archive (SVR4 with no CRC)
/boot/initrd.img-6.1.0-50-amd64: ASCII cpio archive (SVR4 with no CRC)
